\BOOKMARK [1][]{section.0.1}{\376\377\0000\000.\0001\000\040\000P\000r\000e\000f\000a\000c\000e}{}% 1
\BOOKMARK [1][]{section.0.2}{\376\377\0000\000.\0002\000\040\000L\000i\000s\000t\000\040\000o\000f\000\040\000F\000i\000g\000u\000r\000e\000s}{}% 2
\BOOKMARK [0][]{chapter.1}{\376\377\0001\000\040\000I\000n\000t\000r\000o\000d\000u\000c\000t\000i\000o\000n}{}% 3
\BOOKMARK [1][]{section.1.1}{\376\377\0001\000.\0001\000\040\000A\000x\000i\000o\000m\000s\000\040\000o\000f\000\040\000Q\000u\000a\000n\000t\000u\000m\000\040\000M\000e\000c\000h\000a\000n\000i\000c\000s}{chapter.1}% 4
\BOOKMARK [1][]{section.1.2}{\376\377\0001\000.\0002\000\040\000I\000l\000l\000u\000s\000t\000r\000a\000t\000i\000n\000g\000\040\000v\000e\000c\000t\000o\000r\000s}{chapter.1}% 5
\BOOKMARK [2][]{subsection.1.2.1}{\376\377\0001\000.\0002\000.\0001\000\040\000S\000o\000m\000e\000\040\000C\000o\000n\000c\000e\000p\000t\000u\000a\000l\000\040\000F\000r\000a\000m\000e\000w\000o\000r\000k\000s\000;\000\040\000T\000h\000e\000\040\000n\000a\000m\000e\000s\000\040\000i\000n\000\040\000c\000o\000l\000o\000r\000\040\000a\000r\000e\000\040\000N\000o\000b\000e\000l\000\040\000p\000r\000i\000z\000e\000\040\000r\000e\000c\000e\000i\000p\000i\000e\000n\000t\000s\000,\000\040\000a\000n\000d\000\040\000n\000o\000m\000e\000n\000e\000e\000s\000.}{section.1.2}% 6
\BOOKMARK [2][]{subsection.1.2.2}{\376\377\0001\000.\0002\000.\0002\000\040\000D\000e\000f\000i\000n\000i\000t\000i\000o\000n\000s}{section.1.2}% 7
\BOOKMARK [2][]{subsection.1.2.3}{\376\377\0001\000.\0002\000.\0003\000\040\000C\000o\000n\000s\000t\000a\000n\000t\000s}{section.1.2}% 8
\BOOKMARK [1][]{section.1.3}{\376\377\0001\000.\0003\000\040\000U\000s\000e\000f\000u\000l\000\040\000F\000o\000r\000m\000u\000l\000a\000e}{chapter.1}% 9
\BOOKMARK [0][]{chapter.2}{\376\377\0002\000\040\000S\000a\000m\000p\000l\000e\000\040\000p\000r\000a\000c\000t\000i\000c\000e\000,\000\040\000a\000n\000d\000\040\000o\000t\000h\000e\000r\000\040\000u\000s\000e\000f\000u\000l\000\040\000e\000q\000u\000a\000t\000i\000o\000n\000s}{}% 10
\BOOKMARK [1][]{section.2.1}{\376\377\0002\000.\0001\000\040\000U\000s\000e\000f\000u\000l\000\040\000e\000q\000u\000a\000t\000i\000o\000n\000s}{chapter.2}% 11
\BOOKMARK [1][]{section.2.2}{\376\377\0002\000.\0002\000\040\000T\000e\000s\000t\000\040\000y\000o\000u\000r\000\040\000c\000o\000m\000p\000r\000e\000h\000e\000n\000s\000i\000o\000n}{chapter.2}% 12
\BOOKMARK [1][]{section.2.3}{\376\377\0002\000.\0003\000\040\000S\000e\000c\000t\000i\000o\000n\000\040\000A}{chapter.2}% 13
\BOOKMARK [1][]{section.2.4}{\376\377\0002\000.\0004\000\040\000S\000e\000c\000t\000i\000o\000n\000\040\000B}{chapter.2}% 14
\BOOKMARK [1][]{section.2.5}{\376\377\0002\000.\0005\000\040\000A\000d\000d\000i\000t\000i\000o\000n\000a\000l\000\040\000N\000o\000t\000e\000s}{chapter.2}% 15
\BOOKMARK [0][]{appendix.A}{\376\377\000A\000\040\000A\000p\000p\000e\000n\000d\000i\000x}{}% 16
\BOOKMARK [1][]{section.A.1}{\376\377\000A\000.\0001\000\040\000S\000a\000m\000p\000l\000e\000d\000\040\000w\000a\000v\000e\000-\000f\000u\000n\000c\000t\000i\000o\000n\000\040\000d\000i\000s\000t\000r\000i\000b\000u\000t\000i\000o\000n}{appendix.A}% 17
\BOOKMARK [0][]{appendix.B}{\376\377\000B\000\040\000L\000i\000s\000t\000\040\000o\000f\000\040\000e\000x\000p\000e\000r\000i\000m\000e\000n\000t\000s}{}% 18
\BOOKMARK [0][]{appendix.C}{\376\377\000C\000\040\000R\000e\000f\000e\000r\000e\000n\000c\000e}{}% 19
\BOOKMARK [0][]{section*.8}{\376\377\000I\000n\000d\000e\000x}{}% 20
